Flow report for MaquinaEstadoTemplate
Tue Oct 28 22:44:52 2025
Quartus II 64-Bit Version 13.0.1 Build 232 06/12/2013 Service Pack 1 SJ Web Edition


---------------------
; Table of Contents ;
---------------------
  1. Legal Notice
  2. Flow Summary
  3. Flow Settings
  4. Flow Non-Default Global Settings
  5. Flow Elapsed Time
  6. Flow OS Summary
  7. Flow Log
  8. Flow Messages
  9. Flow Suppressed Messages



----------------
; Legal Notice ;
----------------
Copyright (C) 1991-2013 Altera Corporation
Your use of Altera Corporation's design tools, logic functions 
and other software and tools, and its AMPP partner logic 
functions, and any output files from any of the foregoing 
(including device programming or simulation files), and any 
associated documentation or information are expressly subject 
to the terms and conditions of the Altera Program License 
Subscription Agreement, Altera MegaCore Function License 
Agreement, or other applicable license agreement, including, 
without limitation, that your use is for the sole purpose of 
programming logic devices manufactured by Altera and sold by 
Altera or its authorized distributors.  Please refer to the 
applicable agreement for further details.



+--------------------------------------------------------------------------------------+
; Flow Summary                                                                         ;
+------------------------------------+-------------------------------------------------+
; Flow Status                        ; Successful - Tue Oct 28 22:44:52 2025           ;
; Quartus II 64-Bit Version          ; 13.0.1 Build 232 06/12/2013 SP 1 SJ Web Edition ;
; Revision Name                      ; MaquinaEstadoTemplate                           ;
; Top-level Entity Name              ; MaquinaEstadoTemplate                           ;
; Family                             ; Cyclone III                                     ;
; Device                             ; EP3C120F780C7                                   ;
; Timing Models                      ; Final                                           ;
; Total logic elements               ; 7 / 119,088 ( < 1 % )                           ;
;     Total combinational functions  ; 7 / 119,088 ( < 1 % )                           ;
;     Dedicated logic registers      ; 3 / 119,088 ( < 1 % )                           ;
; Total registers                    ; 3                                               ;
; Total pins                         ; 7 / 532 ( 1 % )                                 ;
; Total virtual pins                 ; 0                                               ;
; Total memory bits                  ; 0 / 3,981,312 ( 0 % )                           ;
; Embedded Multiplier 9-bit elements ; 0 / 576 ( 0 % )                                 ;
; Total PLLs                         ; 0 / 4 ( 0 % )                                   ;
+------------------------------------+-------------------------------------------------+


+-------------------------------------------+
; Flow Settings                             ;
+-------------------+-----------------------+
; Option            ; Setting               ;
+-------------------+-----------------------+
; Start date & time ; 10/28/2025 22:44:10   ;
; Main task         ; Compilation           ;
; Revision Name     ; MaquinaEstadoTemplate ;
+-------------------+-----------------------+


+---------------------------------------------------------------------------------------------------------------------------------------+
; Flow Non-Default Global Settings                                                                                                      ;
+--------------------------------------+---------------------------------------+---------------+-------------+--------------------------+
; Assignment Name                      ; Value                                 ; Default Value ; Entity Name ; Section Id               ;
+--------------------------------------+---------------------------------------+---------------+-------------+--------------------------+
; COMPILER_SIGNATURE_ID                ; 18587659885496.176170224909856        ; --            ; --          ; --                       ;
; EDA_DESIGN_INSTANCE_NAME             ; uut                                   ; --            ; --          ; maquinaestadotemplate_tb ;
; EDA_NATIVELINK_SIMULATION_TEST_BENCH ; maquinaestadotemplate_tb              ; --            ; --          ; eda_simulation           ;
; EDA_OUTPUT_DATA_FORMAT               ; Vhdl                                  ; --            ; --          ; eda_simulation           ;
; EDA_SIMULATION_TOOL                  ; ModelSim-Altera (VHDL)                ; <None>        ; --          ; --                       ;
; EDA_TEST_BENCH_ENABLE_STATUS         ; TEST_BENCH_MODE                       ; --            ; --          ; eda_simulation           ;
; EDA_TEST_BENCH_FILE                  ; maquinaestadotemplate_tb.vhd          ; --            ; --          ; maquinaestadotemplate_tb ;
; EDA_TEST_BENCH_MODULE_NAME           ; maquinaestadotemplate_tb              ; --            ; --          ; maquinaestadotemplate_tb ;
; EDA_TEST_BENCH_NAME                  ; maquinaestadotemplate_tb              ; --            ; --          ; eda_simulation           ;
; EDA_TEST_BENCH_RUN_SIM_FOR           ; 2000 ns                               ; --            ; --          ; maquinaestadotemplate_tb ;
; MAX_CORE_JUNCTION_TEMP               ; 85                                    ; --            ; --          ; --                       ;
; MIN_CORE_JUNCTION_TEMP               ; 0                                     ; --            ; --          ; --                       ;
; PARTITION_COLOR                      ; 16764057                              ; --            ; --          ; Top                      ;
; PARTITION_FITTER_PRESERVATION_LEVEL  ; PLACEMENT_AND_ROUTING                 ; --            ; --          ; Top                      ;
; PARTITION_NETLIST_TYPE               ; SOURCE                                ; --            ; --          ; Top                      ;
; POWER_BOARD_THERMAL_MODEL            ; None (CONSERVATIVE)                   ; --            ; --          ; --                       ;
; POWER_PRESET_COOLING_SOLUTION        ; 23 MM HEAT SINK WITH 200 LFPM AIRFLOW ; --            ; --          ; --                       ;
; PROJECT_OUTPUT_DIRECTORY             ; output_files                          ; --            ; --          ; --                       ;
; STATE_MACHINE_PROCESSING             ; Gray                                  ; Auto          ; --          ; --                       ;
+--------------------------------------+---------------------------------------+---------------+-------------+--------------------------+


+-------------------------------------------------------------------------------------------------------------------------------+
; Flow Elapsed Time                                                                                                             ;
+---------------------------+--------------+-------------------------+---------------------+------------------------------------+
; Module Name               ; Elapsed Time ; Average Processors Used ; Peak Virtual Memory ; Total CPU Time (on all processors) ;
+---------------------------+--------------+-------------------------+---------------------+------------------------------------+
; Analysis & Synthesis      ; 00:00:02     ; 1.0                     ; 4651 MB             ; 00:00:03                           ;
; Fitter                    ; 00:00:26     ; 1.0                     ; 5046 MB             ; 00:00:26                           ;
; Assembler                 ; 00:00:06     ; 1.0                     ; 4570 MB             ; 00:00:06                           ;
; TimeQuest Timing Analyzer ; 00:00:03     ; 1.0                     ; 4658 MB             ; 00:00:03                           ;
; EDA Netlist Writer        ; 00:00:01     ; 1.0                     ; 4543 MB             ; 00:00:01                           ;
; Total                     ; 00:00:38     ; --                      ; --                  ; 00:00:39                           ;
+---------------------------+--------------+-------------------------+---------------------+------------------------------------+


+----------------------------------------------------------------------------------------+
; Flow OS Summary                                                                        ;
+---------------------------+------------------+-----------+------------+----------------+
; Module Name               ; Machine Hostname ; OS Name   ; OS Version ; Processor type ;
+---------------------------+------------------+-----------+------------+----------------+
; Analysis & Synthesis      ; DESKTOP-8TFPIVL  ; Windows 7 ; 6.2        ; x86_64         ;
; Fitter                    ; DESKTOP-8TFPIVL  ; Windows 7 ; 6.2        ; x86_64         ;
; Assembler                 ; DESKTOP-8TFPIVL  ; Windows 7 ; 6.2        ; x86_64         ;
; TimeQuest Timing Analyzer ; DESKTOP-8TFPIVL  ; Windows 7 ; 6.2        ; x86_64         ;
; EDA Netlist Writer        ; DESKTOP-8TFPIVL  ; Windows 7 ; 6.2        ; x86_64         ;
+---------------------------+------------------+-----------+------------+----------------+


------------
; Flow Log ;
------------
quartus_map --read_settings_files=on --write_settings_files=off MaquinaEstadoTemplate -c MaquinaEstadoTemplate
quartus_fit --read_settings_files=off --write_settings_files=off MaquinaEstadoTemplate -c MaquinaEstadoTemplate
quartus_asm --read_settings_files=off --write_settings_files=off MaquinaEstadoTemplate -c MaquinaEstadoTemplate
quartus_sta MaquinaEstadoTemplate -c MaquinaEstadoTemplate
quartus_eda --read_settings_files=off --write_settings_files=off MaquinaEstadoTemplate -c MaquinaEstadoTemplate



